<?xml version="1.0" encoding="UTF-8"?>
<testsuite name="TriangleTest" tests="1" skipped="0" failures="0" errors="0" timestamp="2015-08-17T19:20:02" hostname="epicodus-103.local" time="0.001">
  <properties/>
  <testcase name="newTriangle_instantiatesCorrectly" classname="TriangleTest" time="0.001"/>
  <system-out><![CDATA[]]></system-out>
  <system-err><![CDATA[]]></system-err>
</testsuite>
